{"/Users/denis/Documents/projetos/pessoais/controlTimer/server/src/modules/accounts/repositories/in-memory/UserRepositoryInMemory.ts": {"path":"/Users/denis/Documents/projetos/pessoais/controlTimer/server/src/modules/accounts/repositories/in-memory/UserRepositoryInMemory.ts","statementMap":{"0":{"start":{"line":8,"column":4},"end":{"line":8,"column":23}},"1":{"start":{"line":12,"column":4},"end":{"line":12,"column":54}},"2":{"start":{"line":16,"column":17},"end":{"line":16,"column":59}},"3":{"start":{"line":16,"column":41},"end":{"line":16,"column":58}},"4":{"start":{"line":18,"column":4},"end":{"line":18,"column":16}},"5":{"start":{"line":22,"column":9},"end":{"line":22,"column":31}}},"fnMap":{"0":{"name":"(anonymous_7)","decl":{"start":{"line":7,"column":2},"end":{"line":7,"column":null}},"loc":{"start":{"line":7,"column":2},"end":{"line":9,"column":3}}},"1":{"name":"(anonymous_8)","decl":{"start":{"line":11,"column":8},"end":{"line":11,"column":14}},"loc":{"start":{"line":11,"column":60},"end":{"line":13,"column":null}}},"2":{"name":"(anonymous_10)","decl":{"start":{"line":15,"column":8},"end":{"line":15,"column":19}},"loc":{"start":{"line":15,"column":33},"end":{"line":19,"column":null}}},"3":{"name":"(anonymous_12)","decl":{"start":{"line":16,"column":36},"end":{"line":16,"column":37}},"loc":{"start":{"line":16,"column":41},"end":{"line":16,"column":58}}}},"branchMap":{},"s":{"0":7,"1":3,"2":7,"3":3,"4":7,"5":1},"f":{"0":7,"1":3,"2":7,"3":3},"b":{}}
,"/Users/denis/Documents/projetos/pessoais/controlTimer/server/src/modules/accounts/useCases/createUser/createUserUseCase.ts": {"path":"/Users/denis/Documents/projetos/pessoais/controlTimer/server/src/modules/accounts/useCases/createUser/createUserUseCase.ts","statementMap":{"0":{"start":{"line":2,"column":0},"end":{"line":2,"column":46}},"1":{"start":{"line":3,"column":0},"end":{"line":3,"column":34}},"2":{"start":{"line":4,"column":0},"end":{"line":4,"column":28}},"3":{"start":{"line":5,"column":0},"end":{"line":5,"column":62}},"4":{"start":{"line":9,"column":0},"end":{"line":45,"column":null}},"5":{"start":{"line":12,"column":12},"end":{"line":12,"column":43}},"6":{"start":{"line":16,"column":15},"end":{"line":16,"column":21}},"7":{"start":{"line":18,"column":4},"end":{"line":20,"column":null}},"8":{"start":{"line":19,"column":6},"end":{"line":19,"column":55}},"9":{"start":{"line":22,"column":4},"end":{"line":24,"column":null}},"10":{"start":{"line":23,"column":6},"end":{"line":23,"column":56}},"11":{"start":{"line":26,"column":4},"end":{"line":28,"column":null}},"12":{"start":{"line":27,"column":6},"end":{"line":27,"column":59}},"13":{"start":{"line":30,"column":31},"end":{"line":30,"column":75}},"14":{"start":{"line":32,"column":4},"end":{"line":34,"column":null}},"15":{"start":{"line":33,"column":6},"end":{"line":33,"column":53}},"16":{"start":{"line":36,"column":25},"end":{"line":36,"column":55}},"17":{"start":{"line":38,"column":4},"end":{"line":43,"column":7}},"18":{"start":{"line":9,"column":6},"end":{"line":45,"column":null}},"19":{"start":{"line":47,"column":9},"end":{"line":47,"column":26}}},"fnMap":{"0":{"name":"(anonymous_12)","decl":{"start":{"line":10,"column":2},"end":{"line":10,"column":null}},"loc":{"start":{"line":12,"column":43},"end":{"line":13,"column":6}}},"1":{"name":"(anonymous_13)","decl":{"start":{"line":15,"column":8},"end":{"line":15,"column":15}},"loc":{"start":{"line":15,"column":57},"end":{"line":44,"column":null}}}},"branchMap":{"0":{"loc":{"start":{"line":18,"column":4},"end":{"line":20,"column":null}},"type":"if","locations":[{"start":{"line":18,"column":4},"end":{"line":20,"column":null}}]},"1":{"loc":{"start":{"line":22,"column":4},"end":{"line":24,"column":null}},"type":"if","locations":[{"start":{"line":22,"column":4},"end":{"line":24,"column":null}}]},"2":{"loc":{"start":{"line":26,"column":4},"end":{"line":28,"column":null}},"type":"if","locations":[{"start":{"line":26,"column":4},"end":{"line":28,"column":null}}]},"3":{"loc":{"start":{"line":32,"column":4},"end":{"line":34,"column":null}},"type":"if","locations":[{"start":{"line":32,"column":4},"end":{"line":34,"column":null}}]}},"s":{"0":1,"1":1,"2":1,"3":1,"4":1,"5":7,"6":7,"7":7,"8":1,"9":6,"10":1,"11":5,"12":1,"13":4,"14":4,"15":0,"16":4,"17":3,"18":1,"19":1},"f":{"0":7,"1":7},"b":{"0":[1],"1":[1],"2":[1],"3":[0]}}
,"/Users/denis/Documents/projetos/pessoais/controlTimer/server/src/shared/errors/AppError.ts": {"path":"/Users/denis/Documents/projetos/pessoais/controlTimer/server/src/shared/errors/AppError.ts","statementMap":{"0":{"start":{"line":7,"column":4},"end":{"line":7,"column":27}},"1":{"start":{"line":8,"column":4},"end":{"line":8,"column":33}},"2":{"start":{"line":1,"column":0},"end":{"line":1,"column":13}}},"fnMap":{"0":{"name":"(anonymous_0)","decl":{"start":{"line":6,"column":2},"end":{"line":6,"column":14}},"loc":{"start":{"line":6,"column":49},"end":{"line":9,"column":3}}}},"branchMap":{},"s":{"0":3,"1":3,"2":1},"f":{"0":3},"b":{}}
}
