TN:
SF:src/modules/accounts/repositories/in-memory/UserRepositoryInMemory.ts
FN:7,(anonymous_7)
FN:11,(anonymous_8)
FN:15,(anonymous_10)
FN:16,(anonymous_12)
FNF:4
FNH:4
FNDA:7,(anonymous_7)
FNDA:3,(anonymous_8)
FNDA:7,(anonymous_10)
FNDA:3,(anonymous_12)
DA:8,7
DA:12,3
DA:16,7
DA:18,7
DA:22,1
LF:5
LH:5
BRF:0
BRH:0
end_of_record
TN:
SF:src/modules/accounts/useCases/createUser/createUserUseCase.ts
FN:10,(anonymous_12)
FN:15,(anonymous_13)
FNF:2
FNH:2
FNDA:7,(anonymous_12)
FNDA:7,(anonymous_13)
DA:2,1
DA:3,1
DA:4,1
DA:5,1
DA:9,1
DA:12,7
DA:16,7
DA:18,7
DA:19,1
DA:22,6
DA:23,1
DA:26,5
DA:27,1
DA:30,4
DA:32,4
DA:33,0
DA:36,4
DA:38,3
DA:47,1
LF:19
LH:18
BRDA:18,0,0,1
BRDA:22,1,0,1
BRDA:26,2,0,1
BRDA:32,3,0,0
BRF:4
BRH:3
end_of_record
TN:
SF:src/shared/errors/AppError.ts
FN:6,(anonymous_0)
FNF:1
FNH:1
FNDA:3,(anonymous_0)
DA:1,1
DA:7,3
DA:8,3
LF:3
LH:3
BRF:0
BRH:0
end_of_record
